The system cannot find the path specified.
[2018-12-11 10:53:44] INFO  WEBrick 1.3.1
[2018-12-11 10:53:44] INFO  ruby 2.4.3 (2017-12-14) [x64-mingw32]
[2018-12-11 10:53:44] INFO  WEBrick::HTTPServer#start: pid=106536 port=8000
::1 - - [11/Dec/2018:10:53:50 E. South America Daylight Time] "GET /login.html HTTP/1.1" 304 0
- -> /login.html
::1 - - [11/Dec/2018:10:53:51 E. South America Daylight Time] "GET /login.html HTTP/1.1" 304 0
- -> /login.html
::1 - - [11/Dec/2018:10:53:51 E. South America Daylight Time] "GET /login.html HTTP/1.1" 304 0
- -> /login.html
::1 - - [11/Dec/2018:10:53:51 E. South America Daylight Time] "GET /login.html HTTP/1.1" 304 0
- -> /login.html
::1 - - [11/Dec/2018:10:53:52 E. South America Daylight Time] "GET /login.html HTTP/1.1" 304 0
- -> /login.html
::1 - - [11/Dec/2018:10:53:52 E. South America Daylight Time] "GET /login.html HTTP/1.1" 304 0
- -> /login.html
::1 - - [11/Dec/2018:10:53:53 E. South America Daylight Time] "GET /login.html HTTP/1.1" 304 0
- -> /login.html
::1 - - [11/Dec/2018:10:53:53 E. South America Daylight Time] "GET /login.html HTTP/1.1" 304 0
- -> /login.html
The system cannot find the path specified.
The system cannot find the path specified.

C:\Users\hers\Desktop\JenkinsCourse\server>ruby server.rb 
[2018-12-11 10:57:56] INFO  WEBrick 1.3.1
[2018-12-11 10:57:56] INFO  ruby 2.4.3 (2017-12-14) [x64-mingw32]
[2018-12-11 10:57:56] INFO  WEBrick::HTTPServer#start: pid=106060 port=8000
::1 - - [11/Dec/2018:10:59:02 E. South America Daylight Time] "GET /login.html HTTP/1.1" 304 0
- -> /login.html
::1 - - [11/Dec/2018:10:59:07 E. South America Daylight Time] "GET /login.html HTTP/1.1" 304 0
- -> /login.html
::1 - - [11/Dec/2018:10:59:08 E. South America Daylight Time] "GET /login.html HTTP/1.1" 304 0
- -> /login.html
::1 - - [11/Dec/2018:10:59:08 E. South America Daylight Time] "GET /login.html HTTP/1.1" 304 0
- -> /login.html
::1 - - [11/Dec/2018:10:59:08 E. South America Daylight Time] "GET /login.html HTTP/1.1" 304 0
- -> /login.html
::1 - - [11/Dec/2018:10:59:08 E. South America Daylight Time] "GET /login.html HTTP/1.1" 304 0
- -> /login.html
::1 - - [11/Dec/2018:10:59:09 E. South America Daylight Time] "GET /login.html HTTP/1.1" 304 0
- -> /login.html
::1 - - [11/Dec/2018:10:59:09 E. South America Daylight Time] "GET /login.html HTTP/1.1" 304 0
- -> /login.html
::1 - - [11/Dec/2018:10:59:09 E. South America Daylight Time] "GET /login.html HTTP/1.1" 304 0
- -> /login.html
::1 - - [11/Dec/2018:10:59:09 E. South America Daylight Time] "GET /login.html HTTP/1.1" 304 0
- -> /login.html
::1 - - [11/Dec/2018:10:59:10 E. South America Daylight Time] "GET /login.html HTTP/1.1" 304 0
- -> /login.html
::1 - - [11/Dec/2018:10:59:10 E. South America Daylight Time] "GET /login.html HTTP/1.1" 304 0
- -> /login.html
::1 - - [11/Dec/2018:10:59:10 E. South America Daylight Time] "GET /login.html HTTP/1.1" 304 0
- -> /login.html
::1 - - [11/Dec/2018:10:59:10 E. South America Daylight Time] "GET /login.html HTTP/1.1" 304 0
- -> /login.html
::1 - - [11/Dec/2018:10:59:11 E. South America Daylight Time] "GET /login.html HTTP/1.1" 304 0
- -> /login.html
::1 - - [11/Dec/2018:10:59:11 E. South America Daylight Time] "GET /login.html HTTP/1.1" 304 0
- -> /login.html
::1 - - [11/Dec/2018:10:59:17 E. South America Daylight Time] "GET /login.html HTTP/1.1" 304 0
- -> /login.html
::1 - - [11/Dec/2018:10:59:17 E. South America Daylight Time] "GET /login.html HTTP/1.1" 304 0
- -> /login.html
